<?xml version="1.0" encoding="UTF-8"?>
<testsuite xmlns:xsi="http://www.w3.org/2001/XMLSchema-instance" xsi:noNamespaceSchemaLocation="https://maven.apache.org/surefire/maven-surefire-plugin/xsd/surefire-test-report.xsd" name="TestSuite" time="116.175" tests="3" errors="0" skipped="0" failures="0">
  <properties>
[...]
</properties>
  <testcase name="runTest1" classname="testRunners.TestNGRunner" time="39.373"/>
  <testcase name="runTest3" classname="testRunners.TestNGRunner" time="9.145"/>
  <testcase name="runTest4" classname="testRunners.TestNGRunner" time="26.788"/>
</testsuite>