<?xml version="1.0" encoding="UTF-8"?>
<!-- Generated by org.testng.reporters.JUnitXMLReporter -->
<testsuite ignored="0" hostname="DESKTOP-FP075KF" failures="1" tests="2" name="Chrome Tests" time="49.469" errors="0" timestamp="16 Mar 2022 03:59:52 GMT">
  <testcase classname="testRunners.OrangeHrmTestNGRunner" name="verifyLoginFunctionality" time="21.244"/>
  <testcase classname="testRunners.OrangeHrmTestNGRunner" name="verifyLoginFunctionality" time="32.151">
    <failure type="java.lang.NullPointerException">
      <![CDATA[java.lang.NullPointerException
at utilities.TestListener.onTestSuccess(TestListener.java:35)
... Removed 22 stack frames]]>
    </failure>
  </testcase> <!-- verifyLoginFunctionality -->
</testsuite> <!-- Chrome Tests -->
