<?xml version="1.0" encoding="UTF-8"?>
<!-- Generated by org.testng.reporters.JUnitXMLReporter -->
<testsuite ignored="0" hostname="DESKTOP-FP075KF" failures="2" tests="3" name="Firefox Tests" time="61.896" errors="0" timestamp="16 Mar 2022 07:33:51 GMT">
  <testcase classname="testRunners.OrangeHrmTestNGRunner" name="verifyLoginFunctionality" time="15.496"/>
  <testcase classname="testRunners.OrangeHrmTestNGRunner" name="verifyLoginFunctionality" time="22.655">
    <failure type="java.lang.Exception" message="Could not click on logged in user link. Reason : Supplied function might have stalled
Build info: version: &amp;apos;4.0.0-alpha-5&amp;apos;, revision: &amp;apos;b3a0d621cc&amp;apos;
System info: host: &amp;apos;DESKTOP-FP075KF&amp;apos;, ip: &amp;apos;192.168.152.1&amp;apos;, os.name: &amp;apos;Windows 10&amp;apos;, os.arch: &amp;apos;amd64&amp;apos;, os.version: &amp;apos;10.0&amp;apos;, java.version: &amp;apos;14&amp;apos;
Driver info: driver.version: unknown">
      <![CDATA[java.lang.Exception: Could not click on logged in user link. Reason : Supplied function might have stalled
Build info: version: '4.0.0-alpha-5', revision: 'b3a0d621cc'
System info: host: 'DESKTOP-FP075KF', ip: '192.168.152.1', os.name: 'Windows 10', os.arch: 'amd64', os.version: '10.0', java.version: '14'
Driver info: driver.version: unknown
at utilities.ElementUtils.clickOnElement(ElementUtils.java:141)
at pages.OrangeHrmDashboardPage.checkSuccessfulLogin(OrangeHrmDashboardPage.java:33)
at testRunners.OrangeHrmTestNGRunner.verifyLoginFunctionality(OrangeHrmTestNGRunner.java:45)
at java.base/java.util.concurrent.FutureTask.run(FutureTask.java:264)
at java.base/java.util.concurrent.Executors$RunnableAdapter.call(Executors.java:515)
at java.base/java.util.concurrent.FutureTask.run(FutureTask.java:264)
at java.base/java.util.concurrent.ThreadPoolExecutor.runWorker(ThreadPoolExecutor.java:1130)
at java.base/java.util.concurrent.ThreadPoolExecutor$Worker.run(ThreadPoolExecutor.java:630)
at java.base/java.lang.Thread.run(Thread.java:832)
... Removed 9 stack frames]]>
    </failure>
  </testcase> <!-- verifyLoginFunctionality -->
  <testcase classname="testRunners.OrangeHrmTestNGRunner" name="verifyLoginFunctionality" time="22.27">
    <failure type="java.lang.Exception" message="Could not click on logged in user link. Reason : Supplied function might have stalled
Build info: version: &amp;apos;4.0.0-alpha-5&amp;apos;, revision: &amp;apos;b3a0d621cc&amp;apos;
System info: host: &amp;apos;DESKTOP-FP075KF&amp;apos;, ip: &amp;apos;192.168.152.1&amp;apos;, os.name: &amp;apos;Windows 10&amp;apos;, os.arch: &amp;apos;amd64&amp;apos;, os.version: &amp;apos;10.0&amp;apos;, java.version: &amp;apos;14&amp;apos;
Driver info: driver.version: unknown">
      <![CDATA[java.lang.Exception: Could not click on logged in user link. Reason : Supplied function might have stalled
Build info: version: '4.0.0-alpha-5', revision: 'b3a0d621cc'
System info: host: 'DESKTOP-FP075KF', ip: '192.168.152.1', os.name: 'Windows 10', os.arch: 'amd64', os.version: '10.0', java.version: '14'
Driver info: driver.version: unknown
at utilities.ElementUtils.clickOnElement(ElementUtils.java:141)
at pages.OrangeHrmDashboardPage.checkSuccessfulLogin(OrangeHrmDashboardPage.java:33)
at testRunners.OrangeHrmTestNGRunner.verifyLoginFunctionality(OrangeHrmTestNGRunner.java:45)
at java.base/java.util.concurrent.FutureTask.run(FutureTask.java:264)
at java.base/java.util.concurrent.Executors$RunnableAdapter.call(Executors.java:515)
at java.base/java.util.concurrent.FutureTask.run(FutureTask.java:264)
at java.base/java.util.concurrent.ThreadPoolExecutor.runWorker(ThreadPoolExecutor.java:1130)
at java.base/java.util.concurrent.ThreadPoolExecutor$Worker.run(ThreadPoolExecutor.java:630)
at java.base/java.lang.Thread.run(Thread.java:832)
... Removed 9 stack frames]]>
    </failure>
  </testcase> <!-- verifyLoginFunctionality -->
</testsuite> <!-- Firefox Tests -->
