<?xml version="1.0" encoding="UTF-8"?>
<!-- Generated by org.testng.reporters.JUnitXMLReporter -->
<testsuite ignored="1" hostname="DESKTOP-FP075KF" failures="0" tests="3" name="Chrome Tests" time="113.728" errors="0" timestamp="16 Mar 2022 01:20:57 GMT">
  <testcase classname="testRunners.TestNGRunner" name="runTest1" time="39.371"/>
  <testcase classname="testRunners.TestNGRunner" name="runTest3" time="9.145"/>
  <testcase classname="testRunners.TestNGRunner" name="runTest4" time="26.781"/>
  <testcase classname="testRunners.TestNGRunner" name="runTest2" time="0.0">
    <ignored/>
  </testcase> <!-- runTest2 -->
</testsuite> <!-- Chrome Tests -->
