<?xml version="1.0" encoding="UTF-8"?>
<!-- Generated by org.testng.reporters.JUnitXMLReporter -->
<testsuite ignored="0" hostname="DESKTOP-FP075KF" failures="0" tests="8" name="Edge Tests" time="307.687" errors="0" timestamp="16 Mar 2022 01:14:25 GMT">
  <testcase classname="testRunners.TestNGRunner" name="runTest1" time="41.004"/>
  <testcase classname="testRunners.TestNGRunner" name="runTest2" time="14.713"/>
  <testcase classname="testRunners.TestNGRunner" name="runTest2" time="22.065"/>
  <testcase classname="testRunners.TestNGRunner" name="runTest2" time="12.181"/>
  <testcase classname="testRunners.TestNGRunner" name="runTest2" time="14.963"/>
  <testcase classname="testRunners.TestNGRunner" name="runTest2" time="18.07"/>
  <testcase classname="testRunners.TestNGRunner" name="runTest3" time="17.683"/>
  <testcase classname="testRunners.TestNGRunner" name="runTest4" time="51.569"/>
</testsuite> <!-- Edge Tests -->
