<?xml version="1.0" encoding="UTF-8"?>
<!-- Generated by org.testng.reporters.JUnitXMLReporter -->
<testsuite ignored="0" hostname="DESKTOP-FP075KF" failures="0" tests="8" name="Firefox Tests" time="316.562" errors="0" timestamp="16 Mar 2022 01:14:34 GMT">
  <testcase classname="testRunners.TestNGRunner" name="runTest1" time="38.737"/>
  <testcase classname="testRunners.TestNGRunner" name="runTest2" time="11.889"/>
  <testcase classname="testRunners.TestNGRunner" name="runTest2" time="23.786"/>
  <testcase classname="testRunners.TestNGRunner" name="runTest2" time="19.23"/>
  <testcase classname="testRunners.TestNGRunner" name="runTest2" time="14.15"/>
  <testcase classname="testRunners.TestNGRunner" name="runTest2" time="10.306"/>
  <testcase classname="testRunners.TestNGRunner" name="runTest3" time="10.147"/>
  <testcase classname="testRunners.TestNGRunner" name="runTest4" time="28.584"/>
</testsuite> <!-- Firefox Tests -->
